# JRE version: Java(TM) SE Runtime Environment (17.0.11+7) (build 17.0.11+7-LTS-207)
# Java VM: Java HotSpot(TM) 64-Bit Server VM (17.0.11+7-LTS-207, mixed mode, sharing, tiered, compressed oops, compressed class ptrs, g1 gc, windows-amd64)
GC Precious Log:
 CPUs: 16 total, 16 available
 Memory: 7600M
 Large Page Support: Disabled
 NUMA Support: Disabled
 Compressed Oops: Enabled (Zero based)
 Heap Region Size: 8M
 Heap Min Capacity: 8M
 Heap Initial Capacity: 120M
 Heap Max Capacity: 12G
 Pre-touch: Disabled
 Parallel Workers: 13
 Concurrent Workers: 3
 Concurrent Refinement Workers: 13
 Periodic GC: Disabled
Heap:
 garbage-first heap   total 311296K, used 75671K [0x0000000500000000, 0x0000000800000000)
  region size 8192K, 2 young (16384K), 2 survivors (16384K)
 Metaspace       used 37901K, committed 38208K, reserved 1114112K
  class space    used 4435K, committed 4608K, reserved 1048576K
GC Heap History (20 events):
Event: 6.206 GC heap after
{Heap after GC invocations=10 (full 0):
 garbage-first heap   total 139264K, used 44204K [0x0000000500000000, 0x0000000800000000)
  region size 8192K, 1 young (8192K), 1 survivors (8192K)
 Metaspace       used 36461K, committed 36736K, reserved 1114112K
  class space    used 4304K, committed 4416K, reserved 1048576K
}
Event: 6.628 GC heap before
{Heap before GC invocations=10 (full 0):
 garbage-first heap   total 139264K, used 85164K [0x0000000500000000, 0x0000000800000000)
  region size 8192K, 6 young (49152K), 1 survivors (8192K)
 Metaspace       used 36994K, committed 37312K, reserved 1114112K
  class space    used 4365K, committed 4544K, reserved 1048576K
}
Event: 6.635 GC heap after
{Heap after GC invocations=11 (full 0):
 garbage-first heap   total 172032K, used 50860K [0x0000000500000000, 0x0000000800000000)
  region size 8192K, 1 young (8192K), 1 survivors (8192K)
 Metaspace       used 36994K, committed 37312K, reserved 1114112K
  class space    used 4365K, committed 4544K, reserved 1048576K
}
Event: 6.978 GC heap before
{Heap before GC invocations=11 (full 0):
 garbage-first heap   total 172032K, used 100012K [0x0000000500000000, 0x0000000800000000)
  region size 8192K, 8 young (65536K), 1 survivors (8192K)
 Metaspace       used 37498K, committed 37760K, reserved 1114112K
  class space    used 4418K, committed 4544K, reserved 1048576K
}
Event: 6.985 GC heap after
{Heap after GC invocations=12 (full 0):
 garbage-first heap   total 172032K, used 63576K [0x0000000500000000, 0x0000000800000000)
  region size 8192K, 1 young (8192K), 1 survivors (8192K)
 Metaspace       used 37498K, committed 37760K, reserved 1114112K
  class space    used 4418K, committed 4544K, reserved 1048576K
}
Event: 7.072 GC heap before
{Heap before GC invocations=12 (full 0):
 garbage-first heap   total 172032K, used 104536K [0x0000000500000000, 0x0000000800000000)
  region size 8192K, 7 young (57344K), 1 survivors (8192K)
 Metaspace       used 37523K, committed 37824K, reserved 1114112K
  class space    used 4419K, committed 4544K, reserved 1048576K
}
Event: 7.075 GC heap after
{Heap after GC invocations=13 (full 0):
 garbage-first heap   total 172032K, used 66095K [0x0000000500000000, 0x0000000800000000)
  region size 8192K, 1 young (8192K), 1 survivors (8192K)
 Metaspace       used 37523K, committed 37824K, reserved 1114112K
  class space    used 4419K, committed 4544K, reserved 1048576K
}
Event: 7.095 GC heap before
{Heap before GC invocations=13 (full 0):
 garbage-first heap   total 172032K, used 107055K [0x0000000500000000, 0x0000000800000000)
  region size 8192K, 6 young (49152K), 1 survivors (8192K)
 Metaspace       used 37523K, committed 37824K, reserved 1114112K
  class space    used 4419K, committed 4544K, reserved 1048576K
}
Event: 7.100 GC heap after
{Heap after GC invocations=14 (full 0):
 garbage-first heap   total 172032K, used 69159K [0x0000000500000000, 0x0000000800000000)
  region size 8192K, 1 young (8192K), 1 survivors (8192K)
 Metaspace       used 37523K, committed 37824K, reserved 1114112K
  class space    used 4419K, committed 4544K, reserved 1048576K
}
Event: 7.121 GC heap before
{Heap before GC invocations=14 (full 0):
 garbage-first heap   total 172032K, used 110119K [0x0000000500000000, 0x0000000800000000)
  region size 8192K, 6 young (49152K), 1 survivors (8192K)
 Metaspace       used 37525K, committed 37824K, reserved 1114112K
  class space    used 4419K, committed 4544K, reserved 1048576K
}
Event: 7.124 GC heap after
{Heap after GC invocations=15 (full 0):
 garbage-first heap   total 311296K, used 69427K [0x0000000500000000, 0x0000000800000000)
  region size 8192K, 1 young (8192K), 1 survivors (8192K)
 Metaspace       used 37525K, committed 37824K, reserved 1114112K
  class space    used 4419K, committed 4544K, reserved 1048576K
}
Event: 7.418 GC heap before
{Heap before GC invocations=15 (full 0):
 garbage-first heap   total 311296K, used 216883K [0x0000000500000000, 0x0000000800000000)
  region size 8192K, 20 young (163840K), 1 survivors (8192K)
 Metaspace       used 37774K, committed 38080K, reserved 1114112K
  class space    used 4434K, committed 4608K, reserved 1048576K
}
Event: 7.420 GC heap after
{Heap after GC invocations=16 (full 0):
 garbage-first heap   total 311296K, used 71459K [0x0000000500000000, 0x0000000800000000)
  region size 8192K, 1 young (8192K), 1 survivors (8192K)
 Metaspace       used 37774K, committed 38080K, reserved 1114112K
  class space    used 4434K, committed 4608K, reserved 1048576K
}
Event: 7.523 GC heap before
{Heap before GC invocations=16 (full 0):
 garbage-first heap   total 311296K, used 235299K [0x0000000500000000, 0x0000000800000000)
  region size 8192K, 22 young (180224K), 1 survivors (8192K)
 Metaspace       used 37810K, committed 38144K, reserved 1114112K
  class space    used 4434K, committed 4608K, reserved 1048576K
}
Event: 7.525 GC heap after
{Heap after GC invocations=17 (full 0):
 garbage-first heap   total 311296K, used 70464K [0x0000000500000000, 0x0000000800000000)
  region size 8192K, 1 young (8192K), 1 survivors (8192K)
 Metaspace       used 37810K, committed 38144K, reserved 1114112K
  class space    used 4434K, committed 4608K, reserved 1048576K
}
Event: 7.644 GC heap before
{Heap before GC invocations=17 (full 0):
 garbage-first heap   total 311296K, used 242496K [0x0000000500000000, 0x0000000800000000)
  region size 8192K, 22 young (180224K), 1 survivors (8192K)
 Metaspace       used 37837K, committed 38144K, reserved 1114112K
  class space    used 4434K, committed 4608K, reserved 1048576K
}
Event: 7.646 GC heap after
{Heap after GC invocations=18 (full 0):
 garbage-first heap   total 311296K, used 72759K [0x0000000500000000, 0x0000000800000000)
  region size 8192K, 1 young (8192K), 1 survivors (8192K)
 Metaspace       used 37837K, committed 38144K, reserved 1114112K
  class space    used 4434K, committed 4608K, reserved 1048576K
}
Event: 7.737 GC heap before
{Heap before GC invocations=18 (full 0):
 garbage-first heap   total 311296K, used 244791K [0x0000000500000000, 0x0000000800000000)
  region size 8192K, 22 young (180224K), 1 survivors (8192K)
 Metaspace       used 37847K, committed 38144K, reserved 1114112K
  class space    used 4435K, committed 4608K, reserved 1048576K
}
Event: 7.740 GC heap after
{Heap after GC invocations=19 (full 0):
 garbage-first heap   total 311296K, used 71570K [0x0000000500000000, 0x0000000800000000)
  region size 8192K, 1 young (8192K), 1 survivors (8192K)
 Metaspace       used 37847K, committed 38144K, reserved 1114112K
  class space    used 4435K, committed 4608K, reserved 1048576K
}
Event: 7.861 GC heap before
{Heap before GC invocations=19 (full 0):
 garbage-first heap   total 311296K, used 235410K [0x0000000500000000, 0x0000000800000000)
  region size 8192K, 22 young (180224K), 1 survivors (8192K)
 Metaspace       used 37901K, committed 38208K, reserved 1114112K
  class space    used 4435K, committed 4608K, reserved 1048576K
}

