# JRE version: Java(TM) SE Runtime Environment (17.0.11+7) (build 17.0.11+7-LTS-207)
# Java VM: Java HotSpot(TM) 64-Bit Server VM (17.0.11+7-LTS-207, mixed mode, sharing, tiered, compressed oops, compressed class ptrs, g1 gc, windows-amd64)
GC Precious Log:
 CPUs: 16 total, 16 available
 Memory: 7600M
 Large Page Support: Disabled
 NUMA Support: Disabled
 Compressed Oops: Enabled (Zero based)
 Heap Region Size: 8M
 Heap Min Capacity: 8M
 Heap Initial Capacity: 120M
 Heap Max Capacity: 12G
 Pre-touch: Disabled
 Parallel Workers: 13
 Concurrent Workers: 3
 Concurrent Refinement Workers: 13
 Periodic GC: Disabled
Heap:
 garbage-first heap   total 393216K, used 87023K [0x0000000500000000, 0x0000000800000000)
  region size 8192K, 1 young (8192K), 1 survivors (8192K)
 Metaspace       used 37956K, committed 38272K, reserved 1114112K
  class space    used 4434K, committed 4608K, reserved 1048576K
GC Heap History (20 events):
Event: 6.866 GC heap after
{Heap after GC invocations=14 (full 0):
 garbage-first heap   total 172032K, used 76034K [0x0000000500000000, 0x0000000800000000)
  region size 8192K, 1 young (8192K), 1 survivors (8192K)
 Metaspace       used 37524K, committed 37824K, reserved 1114112K
  class space    used 4418K, committed 4544K, reserved 1048576K
}
Event: 6.882 GC heap before
{Heap before GC invocations=14 (full 0):
 garbage-first heap   total 172032K, used 108802K [0x0000000500000000, 0x0000000800000000)
  region size 8192K, 5 young (40960K), 1 survivors (8192K)
 Metaspace       used 37526K, committed 37824K, reserved 1114112K
  class space    used 4418K, committed 4544K, reserved 1048576K
}
Event: 6.887 GC heap after
{Heap after GC invocations=15 (full 0):
 garbage-first heap   total 212992K, used 81909K [0x0000000500000000, 0x0000000800000000)
  region size 8192K, 1 young (8192K), 1 survivors (8192K)
 Metaspace       used 37526K, committed 37824K, reserved 1114112K
  class space    used 4418K, committed 4544K, reserved 1048576K
}
Event: 6.969 GC heap before
{Heap before GC invocations=15 (full 0):
 garbage-first heap   total 212992K, used 139253K [0x0000000500000000, 0x0000000800000000)
  region size 8192K, 8 young (65536K), 1 survivors (8192K)
 Metaspace       used 37527K, committed 37824K, reserved 1114112K
  class space    used 4418K, committed 4544K, reserved 1048576K
}
Event: 6.973 GC heap after
{Heap after GC invocations=16 (full 0):
 garbage-first heap   total 212992K, used 86215K [0x0000000500000000, 0x0000000800000000)
  region size 8192K, 1 young (8192K), 1 survivors (8192K)
 Metaspace       used 37527K, committed 37824K, reserved 1114112K
  class space    used 4418K, committed 4544K, reserved 1048576K
}
Event: 7.031 GC heap before
{Heap before GC invocations=16 (full 0):
 garbage-first heap   total 212992K, used 135367K [0x0000000500000000, 0x0000000800000000)
  region size 8192K, 8 young (65536K), 1 survivors (8192K)
 Metaspace       used 37639K, committed 37888K, reserved 1114112K
  class space    used 4427K, committed 4544K, reserved 1048576K
}
Event: 7.033 GC heap after
{Heap after GC invocations=17 (full 0):
 garbage-first heap   total 212992K, used 85476K [0x0000000500000000, 0x0000000800000000)
  region size 8192K, 1 young (8192K), 1 survivors (8192K)
 Metaspace       used 37639K, committed 37888K, reserved 1114112K
  class space    used 4427K, committed 4544K, reserved 1048576K
}
Event: 7.189 GC heap before
{Heap before GC invocations=17 (full 0):
 garbage-first heap   total 212992K, used 134628K [0x0000000500000000, 0x0000000800000000)
  region size 8192K, 8 young (65536K), 1 survivors (8192K)
 Metaspace       used 37775K, committed 38144K, reserved 1114112K
  class space    used 4433K, committed 4608K, reserved 1048576K
}
Event: 7.192 GC heap after
{Heap after GC invocations=18 (full 0):
 garbage-first heap   total 212992K, used 88331K [0x0000000500000000, 0x0000000800000000)
  region size 8192K, 1 young (8192K), 1 survivors (8192K)
 Metaspace       used 37775K, committed 38144K, reserved 1114112K
  class space    used 4433K, committed 4608K, reserved 1048576K
}
Event: 7.256 GC heap before
{Heap before GC invocations=18 (full 0):
 garbage-first heap   total 212992K, used 145675K [0x0000000500000000, 0x0000000800000000)
  region size 8192K, 9 young (73728K), 1 survivors (8192K)
 Metaspace       used 37779K, committed 38144K, reserved 1114112K
  class space    used 4433K, committed 4608K, reserved 1048576K
}
Event: 7.262 GC heap after
{Heap after GC invocations=19 (full 0):
 garbage-first heap   total 393216K, used 98457K [0x0000000500000000, 0x0000000800000000)
  region size 8192K, 2 young (16384K), 2 survivors (16384K)
 Metaspace       used 37779K, committed 38144K, reserved 1114112K
  class space    used 4433K, committed 4608K, reserved 1048576K
}
Event: 7.523 GC heap before
{Heap before GC invocations=19 (full 0):
 garbage-first heap   total 393216K, used 303257K [0x0000000500000000, 0x0000000800000000)
  region size 8192K, 28 young (229376K), 2 survivors (16384K)
 Metaspace       used 37819K, committed 38144K, reserved 1114112K
  class space    used 4434K, committed 4608K, reserved 1048576K
}
Event: 7.526 GC heap after
{Heap after GC invocations=20 (full 0):
 garbage-first heap   total 393216K, used 89193K [0x0000000500000000, 0x0000000800000000)
  region size 8192K, 1 young (8192K), 1 survivors (8192K)
 Metaspace       used 37819K, committed 38144K, reserved 1114112K
  class space    used 4434K, committed 4608K, reserved 1048576K
}
Event: 7.610 GC heap before
{Heap before GC invocations=20 (full 0):
 garbage-first heap   total 393216K, used 302185K [0x0000000500000000, 0x0000000800000000)
  region size 8192K, 28 young (229376K), 1 survivors (8192K)
 Metaspace       used 37836K, committed 38144K, reserved 1114112K
  class space    used 4434K, committed 4608K, reserved 1048576K
}
Event: 7.613 GC heap after
{Heap after GC invocations=21 (full 0):
 garbage-first heap   total 393216K, used 89209K [0x0000000500000000, 0x0000000800000000)
  region size 8192K, 1 young (8192K), 1 survivors (8192K)
 Metaspace       used 37836K, committed 38144K, reserved 1114112K
  class space    used 4434K, committed 4608K, reserved 1048576K
}
Event: 7.787 GC heap before
{Heap before GC invocations=21 (full 0):
 garbage-first heap   total 393216K, used 302201K [0x0000000500000000, 0x0000000800000000)
  region size 8192K, 28 young (229376K), 1 survivors (8192K)
 Metaspace       used 37882K, committed 38208K, reserved 1114112K
  class space    used 4434K, committed 4608K, reserved 1048576K
}
Event: 7.793 GC heap after
{Heap after GC invocations=22 (full 0):
 garbage-first heap   total 393216K, used 95134K [0x0000000500000000, 0x0000000800000000)
  region size 8192K, 2 young (16384K), 2 survivors (16384K)
 Metaspace       used 37882K, committed 38208K, reserved 1114112K
  class space    used 4434K, committed 4608K, reserved 1048576K
}
Event: 7.926 GC heap before
{Heap before GC invocations=22 (full 0):
 garbage-first heap   total 393216K, used 299934K [0x0000000500000000, 0x0000000800000000)
  region size 8192K, 28 young (229376K), 2 survivors (16384K)
 Metaspace       used 37944K, committed 38272K, reserved 1114112K
  class space    used 4434K, committed 4608K, reserved 1048576K
}
Event: 7.930 GC heap after
{Heap after GC invocations=23 (full 0):
 garbage-first heap   total 393216K, used 95815K [0x0000000500000000, 0x0000000800000000)
  region size 8192K, 2 young (16384K), 2 survivors (16384K)
 Metaspace       used 37944K, committed 38272K, reserved 1114112K
  class space    used 4434K, committed 4608K, reserved 1048576K
}
Event: 8.010 GC heap before
{Heap before GC invocations=23 (full 0):
 garbage-first heap   total 393216K, used 308807K [0x0000000500000000, 0x0000000800000000)
  region size 8192K, 28 young (229376K), 2 survivors (16384K)
 Metaspace       used 37956K, committed 38272K, reserved 1114112K
  class space    used 4434K, committed 4608K, reserved 1048576K
}

