# JRE version: Java(TM) SE Runtime Environment (17.0.11+7) (build 17.0.11+7-LTS-207)
# Java VM: Java HotSpot(TM) 64-Bit Server VM (17.0.11+7-LTS-207, mixed mode, sharing, tiered, compressed oops, compressed class ptrs, g1 gc, windows-amd64)
GC Precious Log:
 CPUs: 16 total, 16 available
 Memory: 7600M
 Large Page Support: Disabled
 NUMA Support: Disabled
 Compressed Oops: Enabled (Zero based)
 Heap Region Size: 8M
 Heap Min Capacity: 8M
 Heap Initial Capacity: 120M
 Heap Max Capacity: 12G
 Pre-touch: Disabled
 Parallel Workers: 13
 Concurrent Workers: 3
 Concurrent Refinement Workers: 13
 Periodic GC: Disabled
Heap:
 garbage-first heap   total 344064K, used 246449K [0x0000000500000000, 0x0000000800000000)
  region size 8192K, 23 young (188416K), 2 survivors (16384K)
 Metaspace       used 37840K, committed 38080K, reserved 1114112K
  class space    used 4433K, committed 4544K, reserved 1048576K
GC Heap History (20 events):
Event: 8.258 GC heap before
{Heap before GC invocations=14 (full 0):
 garbage-first heap   total 139264K, used 83491K [0x0000000500000000, 0x0000000800000000)
  region size 8192K, 6 young (49152K), 1 survivors (8192K)
 Metaspace       used 37508K, committed 37760K, reserved 1114112K
  class space    used 4417K, committed 4544K, reserved 1048576K
}
Event: 8.263 GC heap after
{Heap after GC invocations=15 (full 0):
 garbage-first heap   total 139264K, used 63112K [0x0000000500000000, 0x0000000800000000)
  region size 8192K, 1 young (8192K), 1 survivors (8192K)
 Metaspace       used 37508K, committed 37760K, reserved 1114112K
  class space    used 4417K, committed 4544K, reserved 1048576K
}
Event: 8.346 GC heap before
{Heap before GC invocations=15 (full 0):
 garbage-first heap   total 139264K, used 87688K [0x0000000500000000, 0x0000000800000000)
  region size 8192K, 5 young (40960K), 1 survivors (8192K)
 Metaspace       used 37532K, committed 37824K, reserved 1114112K
  class space    used 4418K, committed 4544K, reserved 1048576K
}
Event: 8.354 GC heap after
{Heap after GC invocations=16 (full 0):
 garbage-first heap   total 172032K, used 72093K [0x0000000500000000, 0x0000000800000000)
  region size 8192K, 1 young (8192K), 1 survivors (8192K)
 Metaspace       used 37532K, committed 37824K, reserved 1114112K
  class space    used 4418K, committed 4544K, reserved 1048576K
}
Event: 8.435 GC heap before
{Heap before GC invocations=16 (full 0):
 garbage-first heap   total 172032K, used 104861K [0x0000000500000000, 0x0000000800000000)
  region size 8192K, 6 young (49152K), 1 survivors (8192K)
 Metaspace       used 37535K, committed 37824K, reserved 1114112K
  class space    used 4418K, committed 4544K, reserved 1048576K
}
Event: 8.437 GC heap after
{Heap after GC invocations=17 (full 0):
 garbage-first heap   total 172032K, used 70126K [0x0000000500000000, 0x0000000800000000)
  region size 8192K, 1 young (8192K), 1 survivors (8192K)
 Metaspace       used 37535K, committed 37824K, reserved 1114112K
  class space    used 4418K, committed 4544K, reserved 1048576K
}
Event: 8.455 GC heap before
{Heap before GC invocations=17 (full 0):
 garbage-first heap   total 172032K, used 94702K [0x0000000500000000, 0x0000000800000000)
  region size 8192K, 5 young (40960K), 1 survivors (8192K)
 Metaspace       used 37535K, committed 37824K, reserved 1114112K
  class space    used 4418K, committed 4544K, reserved 1048576K
}
Event: 8.460 GC heap after
{Heap after GC invocations=18 (full 0):
 garbage-first heap   total 172032K, used 78564K [0x0000000500000000, 0x0000000800000000)
  region size 8192K, 1 young (8192K), 1 survivors (8192K)
 Metaspace       used 37535K, committed 37824K, reserved 1114112K
  class space    used 4418K, committed 4544K, reserved 1048576K
}
Event: 8.480 GC heap before
{Heap before GC invocations=18 (full 0):
 garbage-first heap   total 172032K, used 103140K [0x0000000500000000, 0x0000000800000000)
  region size 8192K, 5 young (40960K), 1 survivors (8192K)
 Metaspace       used 37536K, committed 37824K, reserved 1114112K
  class space    used 4418K, committed 4544K, reserved 1048576K
}
Event: 8.485 GC heap after
{Heap after GC invocations=19 (full 0):
 garbage-first heap   total 172032K, used 81765K [0x0000000500000000, 0x0000000800000000)
  region size 8192K, 1 young (8192K), 1 survivors (8192K)
 Metaspace       used 37536K, committed 37824K, reserved 1114112K
  class space    used 4418K, committed 4544K, reserved 1048576K
}
Event: 8.504 GC heap before
{Heap before GC invocations=19 (full 0):
 garbage-first heap   total 172032K, used 106341K [0x0000000500000000, 0x0000000800000000)
  region size 8192K, 5 young (40960K), 1 survivors (8192K)
 Metaspace       used 37541K, committed 37824K, reserved 1114112K
  class space    used 4418K, committed 4544K, reserved 1048576K
}
Event: 8.508 GC heap after
{Heap after GC invocations=20 (full 0):
 garbage-first heap   total 344064K, used 82123K [0x0000000500000000, 0x0000000800000000)
  region size 8192K, 1 young (8192K), 1 survivors (8192K)
 Metaspace       used 37541K, committed 37824K, reserved 1114112K
  class space    used 4418K, committed 4544K, reserved 1048576K
}
Event: 8.801 GC heap before
{Heap before GC invocations=21 (full 0):
 garbage-first heap   total 344064K, used 221387K [0x0000000500000000, 0x0000000800000000)
  region size 8192K, 18 young (147456K), 1 survivors (8192K)
 Metaspace       used 37774K, committed 38080K, reserved 1114112K
  class space    used 4433K, committed 4544K, reserved 1048576K
}
Event: 8.809 GC heap after
{Heap after GC invocations=22 (full 0):
 garbage-first heap   total 344064K, used 94293K [0x0000000500000000, 0x0000000800000000)
  region size 8192K, 2 young (16384K), 2 survivors (16384K)
 Metaspace       used 37774K, committed 38080K, reserved 1114112K
  class space    used 4433K, committed 4544K, reserved 1048576K
}
Event: 8.813 GC heap before
{Heap before GC invocations=22 (full 0):
 garbage-first heap   total 344064K, used 94293K [0x0000000500000000, 0x0000000800000000)
  region size 8192K, 3 young (24576K), 2 survivors (16384K)
 Metaspace       used 37774K, committed 38080K, reserved 1114112K
  class space    used 4433K, committed 4544K, reserved 1048576K
}
Event: 8.818 GC heap after
{Heap after GC invocations=23 (full 0):
 garbage-first heap   total 344064K, used 76144K [0x0000000500000000, 0x0000000800000000)
  region size 8192K, 1 young (8192K), 1 survivors (8192K)
 Metaspace       used 37774K, committed 38080K, reserved 1114112K
  class space    used 4433K, committed 4544K, reserved 1048576K
}
Event: 8.930 GC heap before
{Heap before GC invocations=23 (full 0):
 garbage-first heap   total 344064K, used 239984K [0x0000000500000000, 0x0000000800000000)
  region size 8192K, 21 young (172032K), 1 survivors (8192K)
 Metaspace       used 37794K, committed 38080K, reserved 1114112K
  class space    used 4433K, committed 4544K, reserved 1048576K
}
Event: 8.933 GC heap after
{Heap after GC invocations=24 (full 0):
 garbage-first heap   total 344064K, used 79115K [0x0000000500000000, 0x0000000800000000)
  region size 8192K, 1 young (8192K), 1 survivors (8192K)
 Metaspace       used 37794K, committed 38080K, reserved 1114112K
  class space    used 4433K, committed 4544K, reserved 1048576K
}
Event: 9.143 GC heap before
{Heap before GC invocations=24 (full 0):
 garbage-first heap   total 344064K, used 251147K [0x0000000500000000, 0x0000000800000000)
  region size 8192K, 23 young (188416K), 1 survivors (8192K)
 Metaspace       used 37824K, committed 38080K, reserved 1114112K
  class space    used 4433K, committed 4544K, reserved 1048576K
}
Event: 9.146 GC heap after
{Heap after GC invocations=25 (full 0):
 garbage-first heap   total 344064K, used 82609K [0x0000000500000000, 0x0000000800000000)
  region size 8192K, 2 young (16384K), 2 survivors (16384K)
 Metaspace       used 37824K, committed 38080K, reserved 1114112K
  class space    used 4433K, committed 4544K, reserved 1048576K
}

